C:\GITHUB\SECURITYCOMMUNICATION\HELLOEVERYTHING\HELLOEVERYTHING\DEBUG\AES.OBJ
C:\GITHUB\SECURITYCOMMUNICATION\HELLOEVERYTHING\HELLOEVERYTHING\DEBUG\AES_TEST.OBJ
C:\GITHUB\SECURITYCOMMUNICATION\HELLOEVERYTHING\HELLOEVERYTHING\DEBUG\VC110.PDB
C:\GITHUB\SECURITYCOMMUNICATION\HELLOEVERYTHING\HELLOEVERYTHING\DEBUG\HELLOWORD.OBJ
C:\GITHUB\SECURITYCOMMUNICATION\HELLOEVERYTHING\DEBUG\HELLOEVERYTHING.ILK
C:\GITHUB\SECURITYCOMMUNICATION\HELLOEVERYTHING\DEBUG\HELLOEVERYTHING.EXE
C:\GITHUB\SECURITYCOMMUNICATION\HELLOEVERYTHING\DEBUG\HELLOEVERYTHING.PDB
C:\Github\SecurityCommunication\HelloEverything\HelloEverything\Debug\aes.obj
C:\Github\SecurityCommunication\HelloEverything\HelloEverything\Debug\aes_test.obj
C:\Github\SecurityCommunication\HelloEverything\HelloEverything\Debug\HelloWord.obj
C:\Github\SecurityCommunication\HelloEverything\HelloEverything\Debug\cl.command.1.tlog
C:\Github\SecurityCommunication\HelloEverything\HelloEverything\Debug\CL.read.1.tlog
C:\Github\SecurityCommunication\HelloEverything\HelloEverything\Debug\CL.write.1.tlog
C:\Github\SecurityCommunication\HelloEverything\HelloEverything\Debug\link-cvtres.read.1.tlog
C:\Github\SecurityCommunication\HelloEverything\HelloEverything\Debug\link-cvtres.write.1.tlog
C:\Github\SecurityCommunication\HelloEverything\HelloEverything\Debug\link-rc.read.1.tlog
C:\Github\SecurityCommunication\HelloEverything\HelloEverything\Debug\link-rc.write.1.tlog
C:\Github\SecurityCommunication\HelloEverything\HelloEverything\Debug\link.command.1.tlog
C:\Github\SecurityCommunication\HelloEverything\HelloEverything\Debug\link.read.1.tlog
C:\Github\SecurityCommunication\HelloEverything\HelloEverything\Debug\link.write.1.tlog
C:\Github\SecurityCommunication\HelloEverything\HelloEverything\Debug\vc110.idb
C:\Github\SecurityCommunication\HelloEverything\HelloEverything\Debug\vc110.pdb
C:\Github\SecurityCommunication\HelloEverything\Debug\HelloEverything.pdb
C:\Github\SecurityCommunication\HelloEverything\Debug\HelloEverything.exe
C:\Github\SecurityCommunication\HelloEverything\Debug\HelloEverything.ilk
