C:\GITHUB\SECURITYCOMMUNICATION\HELLOEVERYTHING\SM4_CALL\DEBUG\SM4.OBJ
C:\GITHUB\SECURITYCOMMUNICATION\HELLOEVERYTHING\SM4_CALL\DEBUG\VC110.PDB
C:\GITHUB\SECURITYCOMMUNICATION\HELLOEVERYTHING\DEBUG\SM4_CALL.ILK
C:\GITHUB\SECURITYCOMMUNICATION\HELLOEVERYTHING\DEBUG\SM4_CALL.EXE
C:\GITHUB\SECURITYCOMMUNICATION\HELLOEVERYTHING\DEBUG\SM4_CALL.PDB
C:\Github\SecurityCommunication\HelloEverything\SM4_Call\Debug\SM4.obj
C:\Github\SecurityCommunication\HelloEverything\SM4_Call\Debug\cl.command.1.tlog
C:\Github\SecurityCommunication\HelloEverything\SM4_Call\Debug\CL.read.1.tlog
C:\Github\SecurityCommunication\HelloEverything\SM4_Call\Debug\CL.write.1.tlog
C:\Github\SecurityCommunication\HelloEverything\SM4_Call\Debug\link-cvtres.read.1.tlog
C:\Github\SecurityCommunication\HelloEverything\SM4_Call\Debug\link-cvtres.write.1.tlog
C:\Github\SecurityCommunication\HelloEverything\SM4_Call\Debug\link-rc.read.1.tlog
C:\Github\SecurityCommunication\HelloEverything\SM4_Call\Debug\link-rc.write.1.tlog
C:\Github\SecurityCommunication\HelloEverything\SM4_Call\Debug\link.command.1.tlog
C:\Github\SecurityCommunication\HelloEverything\SM4_Call\Debug\link.read.1.tlog
C:\Github\SecurityCommunication\HelloEverything\SM4_Call\Debug\link.write.1.tlog
C:\Github\SecurityCommunication\HelloEverything\SM4_Call\Debug\vc110.idb
C:\Github\SecurityCommunication\HelloEverything\SM4_Call\Debug\vc110.pdb
C:\Github\SecurityCommunication\HelloEverything\Debug\SM4_Call.pdb
C:\Github\SecurityCommunication\HelloEverything\Debug\SM4_Call.exe
C:\Github\SecurityCommunication\HelloEverything\Debug\SM4_Call.ilk
